[20:06:54] [ServerMain/INFO]: [bootstrap] Running Java 22 (OpenJDK 64-Bit Server VM 22.0.2+9; Arch Linux null) on Linux 6.6.54-2-MANJARO (amd64)
[20:06:54] [ServerMain/INFO]: [bootstrap] Loading Paper 1.21.3-66-master@afb5b13 (2024-11-27T14:30:21Z) for Minecraft 1.21.3
[20:06:55] [ServerMain/INFO]: [PluginInitializerManager] Initializing plugins...
[20:06:55] [Paper Plugin Remapper Thread - 2/INFO]: [PluginRemapper] Remapping plugin 'plugins/WebConsole-2.8.jar'...
[20:06:56] [Paper Plugin Remapper Thread - 2/INFO]: [PluginRemapper] Done remapping plugin 'plugins/WebConsole-2.8.jar' in 1290ms.
[20:06:56] [ServerMain/INFO]: [PluginInitializerManager] Initialized 1 plugin
[20:06:56] [ServerMain/INFO]: [PluginInitializerManager] Bukkit plugins (1):
 - WebConsole (2.8)
[20:07:00] [ServerMain/INFO]: Environment: Environment[sessionHost=https://sessionserver.mojang.com, servicesHost=https://api.minecraftservices.com, name=PROD]
[20:07:01] [ServerMain/INFO]: Loaded 1337 recipes
[20:07:01] [ServerMain/INFO]: Loaded 1448 advancements
[20:07:01] [Server thread/INFO]: Starting minecraft server version 1.21.3
[20:07:01] [Server thread/INFO]: Loading properties
[20:07:02] [Server thread/INFO]: This server is running Paper version 1.21.3-66-master@afb5b13 (2024-11-27T14:30:21Z) (Implementing API version 1.21.3-R0.1-SNAPSHOT)
[20:07:02] [Server thread/INFO]: [spark] This server bundles the spark profiler. For more information please visit https://docs.papermc.io/paper/profiling
[20:07:02] [Server thread/INFO]: Server Ping Player Sample Count: 12
[20:07:02] [Server thread/INFO]: Using 4 threads for Netty based IO
[20:07:03] [Server thread/INFO]: [MoonriseCommon] Paper is using 4 worker threads, 1 I/O threads
[20:07:03] [Server thread/INFO]: [ChunkTaskScheduler] Chunk system is using population gen parallelism: true
[20:07:03] [Server thread/INFO]: Default game type: SURVIVAL
[20:07:03] [Server thread/INFO]: Generating keypair
[20:07:03] [Server thread/INFO]: Starting Minecraft server on *:25565
[20:07:03] [Server thread/INFO]: Using epoll channel type
[20:07:03] [Server thread/INFO]: Paper: Using libdeflate (Linux x86_64) compression from Velocity.
[20:07:03] [Server thread/INFO]: Paper: Using OpenSSL 3.x.x (Linux x86_64) cipher from Velocity.
[20:07:03] [Server thread/INFO]: [WebConsole] Loading server plugin WebConsole v2.8
[20:07:03] [Server thread/INFO]: Server permissions file permissions.yml is empty, ignoring it
[20:07:03] [Server thread/INFO]: Preparing level "world"
[20:07:04] [Server thread/INFO]: Preparing start region for dimension minecraft:overworld
[20:07:04] [Server thread/INFO]: Preparing spawn area: 0%
[20:07:04] [Paper Common Worker #2/INFO]: [MCTypeRegistry] Initialising converters for DataConverter...
[20:07:04] [Paper Common Worker #2/INFO]: [MCTypeRegistry] Finished initialising converters for DataConverter in 258,0ms
[20:07:04] [Server thread/INFO]: Preparing spawn area: 93%
[20:07:05] [Server thread/INFO]: Time elapsed: 991 ms
[20:07:05] [Server thread/INFO]: Preparing start region for dimension minecraft:the_nether
[20:07:05] [Server thread/INFO]: Preparing spawn area: 0%
[20:07:05] [Server thread/INFO]: Time elapsed: 100 ms
[20:07:05] [Server thread/INFO]: Preparing start region for dimension minecraft:the_end
[20:07:05] [Server thread/INFO]: Preparing spawn area: 0%
[20:07:05] [Server thread/INFO]: Time elapsed: 70 ms
[20:07:05] [Server thread/INFO]: [WebConsole] Enabling WebConsole v2.8
[20:07:05] [WebSocketSelector-101/INFO]: [WebConsole] WebSocket Server started successfully.
[20:07:05] [Server thread/INFO]: [spark] Starting background profiler...
[20:07:05] [Server thread/INFO]: Done preparing level "world" (2.000s)
[20:07:05] [Server thread/INFO]: Running delayed init tasks
[20:07:05] [Server thread/INFO]: Done (12.317s)! For help, type "help"
[20:07:53] [Server thread/INFO]: Stopping the server
[20:07:53] [Server thread/INFO]: Stopping server
[20:07:53] [Server thread/INFO]: [WebConsole] Disabling WebConsole v2.8
[20:07:53] [Server thread/INFO]: Saving players
[20:07:53] [Server thread/INFO]: Saving worlds
[20:07:53] [Server thread/INFO]: Saving chunks for level 'ServerLevel[world]'/minecraft:overworld
[20:07:53] [Server thread/INFO]: [ChunkHolderManager] Waiting 60s for chunk system to halt for world 'world'
[20:07:53] [Server thread/INFO]: [ChunkHolderManager] Halted chunk system for world 'world'
[20:07:53] [Server thread/INFO]: [ChunkHolderManager] Saving all chunkholders for world 'world'
[20:07:53] [Server thread/INFO]: [ChunkHolderManager] Saved 49 block chunks, 49 entity chunks, 0 poi chunks in world 'world' in 0,32s
[20:07:53] [Server thread/INFO]: [ChunkHolderManager] Waiting 60s for chunk I/O to halt for world 'world'
[20:07:53] [Server thread/INFO]: [ChunkHolderManager] Halted I/O scheduler for world 'world'
[20:07:53] [Server thread/INFO]: Saving chunks for level 'ServerLevel[world_nether]'/minecraft:the_nether
[20:07:53] [Server thread/INFO]: [ChunkHolderManager] Waiting 60s for chunk system to halt for world 'world_nether'
[20:07:53] [Server thread/INFO]: [ChunkHolderManager] Halted chunk system for world 'world_nether'
[20:07:53] [Server thread/INFO]: [ChunkHolderManager] Saving all chunkholders for world 'world_nether'
[20:07:54] [Server thread/INFO]: [ChunkHolderManager] Saved 49 block chunks, 49 entity chunks, 0 poi chunks in world 'world_nether' in 0,06s
[20:07:54] [Server thread/INFO]: [ChunkHolderManager] Waiting 60s for chunk I/O to halt for world 'world_nether'
[20:07:54] [Server thread/INFO]: [ChunkHolderManager] Halted I/O scheduler for world 'world_nether'
[20:07:54] [Server thread/INFO]: Saving chunks for level 'ServerLevel[world_the_end]'/minecraft:the_end
[20:07:54] [Server thread/INFO]: [ChunkHolderManager] Waiting 60s for chunk system to halt for world 'world_the_end'
[20:07:54] [Server thread/INFO]: [ChunkHolderManager] Halted chunk system for world 'world_the_end'
[20:07:54] [Server thread/INFO]: [ChunkHolderManager] Saving all chunkholders for world 'world_the_end'
[20:07:54] [Server thread/INFO]: [ChunkHolderManager] Saved 49 block chunks, 49 entity chunks, 0 poi chunks in world 'world_the_end' in 0,05s
[20:07:54] [Server thread/INFO]: [ChunkHolderManager] Waiting 60s for chunk I/O to halt for world 'world_the_end'
[20:07:54] [Server thread/INFO]: [ChunkHolderManager] Halted I/O scheduler for world 'world_the_end'
[20:07:54] [Server thread/INFO]: ThreadedAnvilChunkStorage (world): All chunks are saved
[20:07:54] [Server thread/INFO]: ThreadedAnvilChunkStorage (DIM-1): All chunks are saved
[20:07:54] [Server thread/INFO]: ThreadedAnvilChunkStorage (DIM1): All chunks are saved
[20:07:54] [Server thread/INFO]: ThreadedAnvilChunkStorage: All dimensions are saved
[20:07:54] [Server thread/INFO]: Waiting for I/O tasks to complete...
[20:07:54] [Server thread/INFO]: All I/O tasks to complete
[20:07:54] [Server thread/INFO]: [MoonriseCommon] Awaiting termination of worker pool for up to 60s...
[20:07:54] [Server thread/INFO]: [MoonriseCommon] Awaiting termination of I/O pool for up to 60s...
